0 info it worked if it ends with ok
1 verbose cli [ '/usr/bin/node',
1 verbose cli   '/usr/bin/npm',
1 verbose cli   'install',
1 verbose cli   '-g',
1 verbose cli   'classnames',
1 verbose cli   '--save' ]
2 info using npm@1.4.28
3 info using node@v0.10.37
4 verbose node symlink /usr/bin/node
5 verbose cache add [ 'classnames', null ]
6 verbose cache add name=undefined spec="classnames" args=["classnames",null]
7 verbose parsed url { protocol: null,
7 verbose parsed url   slashes: null,
7 verbose parsed url   auth: null,
7 verbose parsed url   host: null,
7 verbose parsed url   port: null,
7 verbose parsed url   hostname: null,
7 verbose parsed url   hash: null,
7 verbose parsed url   search: null,
7 verbose parsed url   query: null,
7 verbose parsed url   pathname: 'classnames',
7 verbose parsed url   path: 'classnames',
7 verbose parsed url   href: 'classnames' }
8 silly lockFile ea2580a1-classnames classnames
9 verbose lock classnames /home/tdbts/.npm/ea2580a1-classnames.lock
10 silly lockFile ea2580a1-classnames classnames
11 silly lockFile ea2580a1-classnames classnames
12 verbose addNamed [ 'classnames', '' ]
13 verbose addNamed [ null, '*' ]
14 silly lockFile 0b89a9a6-classnames classnames@
15 verbose lock classnames@ /home/tdbts/.npm/0b89a9a6-classnames.lock
16 silly addNameRange { name: 'classnames', range: '*', hasData: false }
17 verbose request where is /classnames
18 verbose request registry https://registry.npmjs.org/
19 verbose request id 1c5ce65018de8c02
20 verbose url raw /classnames
21 verbose url resolving [ 'https://registry.npmjs.org/', './classnames' ]
22 verbose url resolved https://registry.npmjs.org/classnames
23 verbose request where is https://registry.npmjs.org/classnames
24 info trying registry request attempt 1 at 16:07:43
25 verbose etag "3XH4YF7ROXBR1GIOIKAG6CX56"
26 http GET https://registry.npmjs.org/classnames
27 http 200 https://registry.npmjs.org/classnames
28 silly registry.get cb [ 200,
28 silly registry.get   { server: 'CouchDB/1.5.0 (Erlang OTP/R16B03)',
28 silly registry.get     etag: '"DM85DBXHZTURP374PT68KN1UG"',
28 silly registry.get     'content-type': 'application/json',
28 silly registry.get     'cache-control': 'max-age=60',
28 silly registry.get     'content-length': '16982',
28 silly registry.get     'accept-ranges': 'bytes',
28 silly registry.get     date: 'Wed, 06 May 2015 20:07:43 GMT',
28 silly registry.get     via: '1.1 varnish',
28 silly registry.get     age: '14',
28 silly registry.get     connection: 'keep-alive',
28 silly registry.get     'x-served-by': 'cache-atl6235-ATL',
28 silly registry.get     'x-cache': 'HIT',
28 silly registry.get     'x-cache-hits': '11',
28 silly registry.get     'x-timer': 'S1430942863.584786,VS0,VE0',
28 silly registry.get     vary: 'Accept' } ]
29 silly addNameRange number 2 { name: 'classnames', range: '*', hasData: true }
30 silly addNameRange versions [ 'classnames',
30 silly addNameRange   [ '1.0.0',
30 silly addNameRange     '1.1.0',
30 silly addNameRange     '1.1.1',
30 silly addNameRange     '1.1.2',
30 silly addNameRange     '1.1.3',
30 silly addNameRange     '1.1.4',
30 silly addNameRange     '1.2.0',
30 silly addNameRange     '1.2.1',
30 silly addNameRange     '1.2.2',
30 silly addNameRange     '2.0.0',
30 silly addNameRange     '2.1.0',
30 silly addNameRange     '2.1.1' ] ]
31 verbose addNamed [ 'classnames', '2.1.1' ]
32 verbose addNamed [ '2.1.1', '2.1.1' ]
33 silly lockFile f854baf6-classnames-2-1-1 classnames@2.1.1
34 verbose lock classnames@2.1.1 /home/tdbts/.npm/f854baf6-classnames-2-1-1.lock
35 silly lockFile e82c2d06--classnames-classnames-2-1-1-tgz https://registry.npmjs.org/classnames/-/classnames-2.1.1.tgz
36 verbose lock https://registry.npmjs.org/classnames/-/classnames-2.1.1.tgz /home/tdbts/.npm/e82c2d06--classnames-classnames-2-1-1-tgz.lock
37 verbose addRemoteTarball [ 'https://registry.npmjs.org/classnames/-/classnames-2.1.1.tgz',
37 verbose addRemoteTarball   '3135f530b7ac4959b9b57bf5a924b0622cfbb485' ]
38 info retry fetch attempt 1 at 16:07:43
39 verbose fetch to= /tmp/npm-23057-kxpAYsHj/registry.npmjs.org/classnames/-/classnames-2.1.1.tgz
40 http GET https://registry.npmjs.org/classnames/-/classnames-2.1.1.tgz
41 http 200 https://registry.npmjs.org/classnames/-/classnames-2.1.1.tgz
42 silly lockFile e82c2d06--classnames-classnames-2-1-1-tgz https://registry.npmjs.org/classnames/-/classnames-2.1.1.tgz
43 silly lockFile e82c2d06--classnames-classnames-2-1-1-tgz https://registry.npmjs.org/classnames/-/classnames-2.1.1.tgz
44 silly lockFile f854baf6-classnames-2-1-1 classnames@2.1.1
45 silly lockFile f854baf6-classnames-2-1-1 classnames@2.1.1
46 silly lockFile 0b89a9a6-classnames classnames@
47 silly lockFile 0b89a9a6-classnames classnames@
48 error Error: EACCES, mkdir '/home/tdbts/.npm/classnames/2.1.1'
48 error  { [Error: EACCES, mkdir '/home/tdbts/.npm/classnames/2.1.1']
48 error   errno: 3,
48 error   code: 'EACCES',
48 error   path: '/home/tdbts/.npm/classnames/2.1.1' }
49 error Please try running this command again as root/Administrator.
50 error System Linux 3.13.0-52-generic
51 error command "/usr/bin/node" "/usr/bin/npm" "install" "-g" "classnames" "--save"
52 error cwd /home/tdbts/Documents/Hckr/projects/captaingeniusman/portfolio_website
53 error node -v v0.10.37
54 error npm -v 1.4.28
55 error path /home/tdbts/.npm/classnames/2.1.1
56 error code EACCES
57 error errno 3
58 error stack Error: EACCES, mkdir '/home/tdbts/.npm/classnames/2.1.1'
59 verbose exit [ 3, true ]
